<?xml version="1.0" encoding="UTF-8"?>
<!-- Generated by org.testng.reporters.JUnitReportReporter -->
<testsuite hostname="LAPTOP-MHS7RQK4" failures="0" tests="1" name="parallelTest.cucumberRunner" time="13.517" errors="0" timestamp="15 Feb 2023 14:16:10 GMT" skipped="0">
  <testcase classname="parallelTest.cucumberRunner" name="runScenario" time="13.517"/>
</testsuite> <!-- parallelTest.cucumberRunner -->
