<?xml version="1.0" encoding="UTF-8"?>
<!-- Generated by org.testng.reporters.JUnitReportReporter -->
<testsuite hostname="LAPTOP-MHS7RQK4" failures="0" tests="2" name="parallelTest.cucumberRunner" time="23.595" errors="0" timestamp="28 Jun 2023 14:29:07 GMT" skipped="0">
  <testcase classname="parallelTest.cucumberRunner" name="runScenario" time="15.288"/>
  <testcase classname="parallelTest.cucumberRunner" name="runScenario" time="8.307"/>
</testsuite> <!-- parallelTest.cucumberRunner -->
