<?xml version="1.0" encoding="UTF-8"?>
<!-- Generated by org.testng.reporters.JUnitReportReporter -->
<testsuite hostname="LAPTOP-MHS7RQK4" failures="0" tests="2" name="parallelTest.cucumberRunner" time="22.845" errors="0" timestamp="20 Nov 2023 15:16:37 GMT" skipped="0">
  <testcase classname="parallelTest.cucumberRunner" name="runScenario" time="13.721"/>
  <testcase classname="parallelTest.cucumberRunner" name="runScenario" time="9.124"/>
</testsuite> <!-- parallelTest.cucumberRunner -->
