<?xml version="1.0" encoding="UTF-8"?>
<!-- Generated by org.testng.reporters.JUnitReportReporter -->
<testsuite hostname="LAPTOP-MHS7RQK4" failures="0" tests="6" name="parallelTest.crossBrowserRunner" time="3.376" errors="6" timestamp="30 Jun 2023 18:51:06 GMT" skipped="0">
  <testcase classname="parallelTest.crossBrowserRunner" name="runScenario" time="1.534">
    <error message="First match w3c capabilities is zero length
Build info: version: &#039;3.5.3&#039;, revision: &#039;a88d25fe6b&#039;, time: &#039;2017-08-29T12:42:44.417Z&#039;
System info: host: &#039;LAPTOP-MHS7RQK4&#039;, ip: &#039;192.168.99.1&#039;, os.name: &#039;Windows 10&#039;, os.arch: &#039;amd64&#039;, os.version: &#039;10.0&#039;, java.version: &#039;17.0.4.1&#039;
Driver info: driver.version: RemoteWebDriver
remote stacktrace: java.lang.IllegalArgumentException: First match w3c capabilities is zero length
	at org.openqa.selenium.remote.NewSessionPayload.validate(NewSessionPayload.java:143)
	at org.openqa.selenium.remote.NewSessionPayload.&lt;init&gt;(NewSessionPayload.java:91)
	at org.openqa.selenium.remote.NewSessionPayload.create(NewSessionPayload.java:128)
	at org.openqa.selenium.grid.data.SessionRequest.&lt;init&gt;(SessionRequest.java:65)
	at org.openqa.selenium.grid.sessionqueue.NewSessionQueue.lambda$new$0(NewSessionQueue.java:66)
	at org.openqa.selenium.remote.http.Route$TemplatizedRoute.handle(Route.java:192)
	at org.openqa.selenium.remote.http.Route.execute(Route.java:68)
	at org.openqa.selenium.remote.http.Route$CombinedRoute.handle(Route.java:336)
	at org.openqa.selenium.remote.http.Route.execute(Route.java:68)
	at org.openqa.selenium.grid.sessionqueue.NewSessionQueue.execute(NewSessionQueue.java:122)
	at org.openqa.selenium.remote.tracing.SpanWrappedHttpHandler.execute(SpanWrappedHttpHandler.java:86)
	at org.openqa.selenium.remote.http.Filter$1.execute(Filter.java:64)
	at org.openqa.selenium.remote.http.Route$CombinedRoute.handle(Route.java:336)
	at org.openqa.selenium.remote.http.Route.execute(Route.java:68)
	at org.openqa.selenium.grid.router.Router.execute(Router.java:91)
	at org.openqa.selenium.grid.web.EnsureSpecCompliantResponseHeaders.lambda$apply$0(EnsureSpecCompliantResponseHeaders.java:34)
	at org.openqa.selenium.remote.http.Filter$1.execute(Filter.java:64)
	at org.openqa.selenium.remote.http.Route$CombinedRoute.handle(Route.java:336)
	at org.openqa.selenium.remote.http.Route.execute(Route.java:68)
	at org.openqa.selenium.remote.http.Route$NestedRoute.handle(Route.java:270)
	at org.openqa.selenium.remote.http.Route.execute(Route.java:68)
	at org.openqa.selenium.remote.http.Route$CombinedRoute.handle(Route.java:336)
	at org.openqa.selenium.remote.http.Route.execute(Route.java:68)
	at org.openqa.selenium.remote.http.Route$CombinedRoute.handle(Route.java:336)
	at org.openqa.selenium.remote.http.Route.execute(Route.java:68)
	at org.openqa.selenium.remote.http.Route$CombinedRoute.handle(Route.java:336)
	at org.openqa.selenium.remote.http.Route.execute(Route.java:68)
	at org.openqa.selenium.remote.http.Route$CombinedRoute.handle(Route.java:336)
	at org.openqa.selenium.remote.http.Route.execute(Route.java:68)
	at org.openqa.selenium.remote.AddWebDriverSpecHeaders.lambda$apply$0(AddWebDriverSpecHeaders.java:35)
	at org.openqa.selenium.remote.ErrorFilter.lambda$apply$0(ErrorFilter.java:44)
	at org.openqa.selenium.remote.http.Filter$1.execute(Filter.java:64)
	at org.openqa.selenium.remote.ErrorFilter.lambda$apply$0(ErrorFilter.java:44)
	at org.openqa.selenium.remote.http.Filter$1.execute(Filter.java:64)
	at org.openqa.selenium.netty.server.SeleniumHandler.lambda$channelRead0$0(SeleniumHandler.java:44)
	at java.base/java.util.concurrent.Executors$RunnableAdapter.call(Executors.java:515)
	at java.base/java.util.concurrent.FutureTask.run(FutureTask.java:264)
	at java.base/java.util.concurrent.ThreadPoolExecutor.runWorker(ThreadPoolExecutor.java:1128)
	at java.base/java.util.concurrent.ThreadPoolExecutor$Worker.run(ThreadPoolExecutor.java:628)
	at java.base/java.lang.Thread.run(Thread.java:829)
" type="org.openqa.selenium.WebDriverException">
      <![CDATA[org.openqa.selenium.WebDriverException: First match w3c capabilities is zero length
Build info: version: '3.5.3', revision: 'a88d25fe6b', time: '2017-08-29T12:42:44.417Z'
System info: host: 'LAPTOP-MHS7RQK4', ip: '192.168.99.1', os.name: 'Windows 10', os.arch: 'amd64', os.version: '10.0', java.version: '17.0.4.1'
Driver info: driver.version: RemoteWebDriver
remote stacktrace: java.lang.IllegalArgumentException: First match w3c capabilities is zero length
at org.openqa.selenium.remote.NewSessionPayload.validate(NewSessionPayload.java:143)
at org.openqa.selenium.remote.NewSessionPayload.<init>(NewSessionPayload.java:91)
at org.openqa.selenium.remote.NewSessionPayload.create(NewSessionPayload.java:128)
at org.openqa.selenium.grid.data.SessionRequest.<init>(SessionRequest.java:65)
at org.openqa.selenium.grid.sessionqueue.NewSessionQueue.lambda$new$0(NewSessionQueue.java:66)
at org.openqa.selenium.remote.http.Route$TemplatizedRoute.handle(Route.java:192)
at org.openqa.selenium.remote.http.Route.execute(Route.java:68)
at org.openqa.selenium.remote.http.Route$CombinedRoute.handle(Route.java:336)
at org.openqa.selenium.remote.http.Route.execute(Route.java:68)
at org.openqa.selenium.grid.sessionqueue.NewSessionQueue.execute(NewSessionQueue.java:122)
at org.openqa.selenium.remote.tracing.SpanWrappedHttpHandler.execute(SpanWrappedHttpHandler.java:86)
at org.openqa.selenium.remote.http.Filter$1.execute(Filter.java:64)
at org.openqa.selenium.remote.http.Route$CombinedRoute.handle(Route.java:336)
at org.openqa.selenium.remote.http.Route.execute(Route.java:68)
at org.openqa.selenium.grid.router.Router.execute(Router.java:91)
at org.openqa.selenium.grid.web.EnsureSpecCompliantResponseHeaders.lambda$apply$0(EnsureSpecCompliantResponseHeaders.java:34)
at org.openqa.selenium.remote.http.Filter$1.execute(Filter.java:64)
at org.openqa.selenium.remote.http.Route$CombinedRoute.handle(Route.java:336)
at org.openqa.selenium.remote.http.Route.execute(Route.java:68)
at org.openqa.selenium.remote.http.Route$NestedRoute.handle(Route.java:270)
at org.openqa.selenium.remote.http.Route.execute(Route.java:68)
at org.openqa.selenium.remote.http.Route$CombinedRoute.handle(Route.java:336)
at org.openqa.selenium.remote.http.Route.execute(Route.java:68)
at org.openqa.selenium.remote.http.Route$CombinedRoute.handle(Route.java:336)
at org.openqa.selenium.remote.http.Route.execute(Route.java:68)
at org.openqa.selenium.remote.http.Route$CombinedRoute.handle(Route.java:336)
at org.openqa.selenium.remote.http.Route.execute(Route.java:68)
at org.openqa.selenium.remote.http.Route$CombinedRoute.handle(Route.java:336)
at org.openqa.selenium.remote.http.Route.execute(Route.java:68)
at org.openqa.selenium.remote.AddWebDriverSpecHeaders.lambda$apply$0(AddWebDriverSpecHeaders.java:35)
at org.openqa.selenium.remote.ErrorFilter.lambda$apply$0(ErrorFilter.java:44)
at org.openqa.selenium.remote.http.Filter$1.execute(Filter.java:64)
at org.openqa.selenium.remote.ErrorFilter.lambda$apply$0(ErrorFilter.java:44)
at org.openqa.selenium.remote.http.Filter$1.execute(Filter.java:64)
at org.openqa.selenium.netty.server.SeleniumHandler.lambda$channelRead0$0(SeleniumHandler.java:44)
at java.base/java.util.concurrent.Executors$RunnableAdapter.call(Executors.java:515)
at java.base/java.util.concurrent.FutureTask.run(FutureTask.java:264)
at java.base/java.util.concurrent.ThreadPoolExecutor.runWorker(ThreadPoolExecutor.java:1128)
at java.base/java.util.concurrent.ThreadPoolExecutor$Worker.run(ThreadPoolExecutor.java:628)
at java.base/java.lang.Thread.run(Thread.java:829)

at java.base/jdk.internal.reflect.NativeConstructorAccessorImpl.newInstance0(Native Method)
at java.base/jdk.internal.reflect.NativeConstructorAccessorImpl.newInstance(NativeConstructorAccessorImpl.java:77)
at java.base/jdk.internal.reflect.DelegatingConstructorAccessorImpl.newInstance(DelegatingConstructorAccessorImpl.java:45)
at java.base/java.lang.reflect.Constructor.newInstanceWithCaller(Constructor.java:499)
at java.base/java.lang.reflect.Constructor.newInstance(Constructor.java:480)
at org.openqa.selenium.remote.W3CHandshakeResponse.lambda$new$0(W3CHandshakeResponse.java:57)
at org.openqa.selenium.remote.W3CHandshakeResponse.lambda$getResponseFunction$2(W3CHandshakeResponse.java:104)
at org.openqa.selenium.remote.ProtocolHandshake.lambda$createSession$24(ProtocolHandshake.java:359)
at java.base/java.util.stream.ReferencePipeline$3$1.accept(ReferencePipeline.java:197)
at java.base/java.util.Spliterators$ArraySpliterator.tryAdvance(Spliterators.java:1002)
at java.base/java.util.stream.ReferencePipeline.forEachWithCancel(ReferencePipeline.java:129)
at java.base/java.util.stream.AbstractPipeline.copyIntoWithCancel(AbstractPipeline.java:527)
at java.base/java.util.stream.AbstractPipeline.copyInto(AbstractPipeline.java:513)
at java.base/java.util.stream.AbstractPipeline.wrapAndCopyInto(AbstractPipeline.java:499)
at java.base/java.util.stream.FindOps$FindOp.evaluateSequential(FindOps.java:150)
at java.base/java.util.stream.AbstractPipeline.evaluate(AbstractPipeline.java:234)
at java.base/java.util.stream.ReferencePipeline.findFirst(ReferencePipeline.java:647)
at org.openqa.selenium.remote.ProtocolHandshake.createSession(ProtocolHandshake.java:362)
at org.openqa.selenium.remote.ProtocolHandshake.createSession(ProtocolHandshake.java:136)
at org.openqa.selenium.remote.HttpCommandExecutor.execute(HttpCommandExecutor.java:142)
at org.openqa.selenium.remote.RemoteWebDriver.execute(RemoteWebDriver.java:646)
at org.openqa.selenium.remote.RemoteWebDriver.startSession(RemoteWebDriver.java:255)
at org.openqa.selenium.remote.RemoteWebDriver.startSession(RemoteWebDriver.java:237)
at org.openqa.selenium.remote.RemoteWebDriver.<init>(RemoteWebDriver.java:138)
at org.openqa.selenium.remote.RemoteWebDriver.<init>(RemoteWebDriver.java:175)
at com.plan.Utils.helper.setupRemoteDriver(helper.java:74)
at parallelTest.hooks.setUpBrowser(hooks.java:45)
]]>
    </error>
  </testcase> <!-- runScenario -->
  <testcase classname="parallelTest.crossBrowserRunner" name="runScenario" time="0.077">
    <error message="First match w3c capabilities is zero length
Build info: version: &#039;3.5.3&#039;, revision: &#039;a88d25fe6b&#039;, time: &#039;2017-08-29T12:42:44.417Z&#039;
System info: host: &#039;LAPTOP-MHS7RQK4&#039;, ip: &#039;192.168.99.1&#039;, os.name: &#039;Windows 10&#039;, os.arch: &#039;amd64&#039;, os.version: &#039;10.0&#039;, java.version: &#039;17.0.4.1&#039;
Driver info: driver.version: RemoteWebDriver
remote stacktrace: java.lang.IllegalArgumentException: First match w3c capabilities is zero length
	at org.openqa.selenium.remote.NewSessionPayload.validate(NewSessionPayload.java:143)
	at org.openqa.selenium.remote.NewSessionPayload.&lt;init&gt;(NewSessionPayload.java:91)
	at org.openqa.selenium.remote.NewSessionPayload.create(NewSessionPayload.java:128)
	at org.openqa.selenium.grid.data.SessionRequest.&lt;init&gt;(SessionRequest.java:65)
	at org.openqa.selenium.grid.sessionqueue.NewSessionQueue.lambda$new$0(NewSessionQueue.java:66)
	at org.openqa.selenium.remote.http.Route$TemplatizedRoute.handle(Route.java:192)
	at org.openqa.selenium.remote.http.Route.execute(Route.java:68)
	at org.openqa.selenium.remote.http.Route$CombinedRoute.handle(Route.java:336)
	at org.openqa.selenium.remote.http.Route.execute(Route.java:68)
	at org.openqa.selenium.grid.sessionqueue.NewSessionQueue.execute(NewSessionQueue.java:122)
	at org.openqa.selenium.remote.tracing.SpanWrappedHttpHandler.execute(SpanWrappedHttpHandler.java:86)
	at org.openqa.selenium.remote.http.Filter$1.execute(Filter.java:64)
	at org.openqa.selenium.remote.http.Route$CombinedRoute.handle(Route.java:336)
	at org.openqa.selenium.remote.http.Route.execute(Route.java:68)
	at org.openqa.selenium.grid.router.Router.execute(Router.java:91)
	at org.openqa.selenium.grid.web.EnsureSpecCompliantResponseHeaders.lambda$apply$0(EnsureSpecCompliantResponseHeaders.java:34)
	at org.openqa.selenium.remote.http.Filter$1.execute(Filter.java:64)
	at org.openqa.selenium.remote.http.Route$CombinedRoute.handle(Route.java:336)
	at org.openqa.selenium.remote.http.Route.execute(Route.java:68)
	at org.openqa.selenium.remote.http.Route$NestedRoute.handle(Route.java:270)
	at org.openqa.selenium.remote.http.Route.execute(Route.java:68)
	at org.openqa.selenium.remote.http.Route$CombinedRoute.handle(Route.java:336)
	at org.openqa.selenium.remote.http.Route.execute(Route.java:68)
	at org.openqa.selenium.remote.http.Route$CombinedRoute.handle(Route.java:336)
	at org.openqa.selenium.remote.http.Route.execute(Route.java:68)
	at org.openqa.selenium.remote.http.Route$CombinedRoute.handle(Route.java:336)
	at org.openqa.selenium.remote.http.Route.execute(Route.java:68)
	at org.openqa.selenium.remote.http.Route$CombinedRoute.handle(Route.java:336)
	at org.openqa.selenium.remote.http.Route.execute(Route.java:68)
	at org.openqa.selenium.remote.AddWebDriverSpecHeaders.lambda$apply$0(AddWebDriverSpecHeaders.java:35)
	at org.openqa.selenium.remote.ErrorFilter.lambda$apply$0(ErrorFilter.java:44)
	at org.openqa.selenium.remote.http.Filter$1.execute(Filter.java:64)
	at org.openqa.selenium.remote.ErrorFilter.lambda$apply$0(ErrorFilter.java:44)
	at org.openqa.selenium.remote.http.Filter$1.execute(Filter.java:64)
	at org.openqa.selenium.netty.server.SeleniumHandler.lambda$channelRead0$0(SeleniumHandler.java:44)
	at java.base/java.util.concurrent.Executors$RunnableAdapter.call(Executors.java:515)
	at java.base/java.util.concurrent.FutureTask.run(FutureTask.java:264)
	at java.base/java.util.concurrent.ThreadPoolExecutor.runWorker(ThreadPoolExecutor.java:1128)
	at java.base/java.util.concurrent.ThreadPoolExecutor$Worker.run(ThreadPoolExecutor.java:628)
	at java.base/java.lang.Thread.run(Thread.java:829)
" type="org.openqa.selenium.WebDriverException">
      <![CDATA[org.openqa.selenium.WebDriverException: First match w3c capabilities is zero length
Build info: version: '3.5.3', revision: 'a88d25fe6b', time: '2017-08-29T12:42:44.417Z'
System info: host: 'LAPTOP-MHS7RQK4', ip: '192.168.99.1', os.name: 'Windows 10', os.arch: 'amd64', os.version: '10.0', java.version: '17.0.4.1'
Driver info: driver.version: RemoteWebDriver
remote stacktrace: java.lang.IllegalArgumentException: First match w3c capabilities is zero length
at org.openqa.selenium.remote.NewSessionPayload.validate(NewSessionPayload.java:143)
at org.openqa.selenium.remote.NewSessionPayload.<init>(NewSessionPayload.java:91)
at org.openqa.selenium.remote.NewSessionPayload.create(NewSessionPayload.java:128)
at org.openqa.selenium.grid.data.SessionRequest.<init>(SessionRequest.java:65)
at org.openqa.selenium.grid.sessionqueue.NewSessionQueue.lambda$new$0(NewSessionQueue.java:66)
at org.openqa.selenium.remote.http.Route$TemplatizedRoute.handle(Route.java:192)
at org.openqa.selenium.remote.http.Route.execute(Route.java:68)
at org.openqa.selenium.remote.http.Route$CombinedRoute.handle(Route.java:336)
at org.openqa.selenium.remote.http.Route.execute(Route.java:68)
at org.openqa.selenium.grid.sessionqueue.NewSessionQueue.execute(NewSessionQueue.java:122)
at org.openqa.selenium.remote.tracing.SpanWrappedHttpHandler.execute(SpanWrappedHttpHandler.java:86)
at org.openqa.selenium.remote.http.Filter$1.execute(Filter.java:64)
at org.openqa.selenium.remote.http.Route$CombinedRoute.handle(Route.java:336)
at org.openqa.selenium.remote.http.Route.execute(Route.java:68)
at org.openqa.selenium.grid.router.Router.execute(Router.java:91)
at org.openqa.selenium.grid.web.EnsureSpecCompliantResponseHeaders.lambda$apply$0(EnsureSpecCompliantResponseHeaders.java:34)
at org.openqa.selenium.remote.http.Filter$1.execute(Filter.java:64)
at org.openqa.selenium.remote.http.Route$CombinedRoute.handle(Route.java:336)
at org.openqa.selenium.remote.http.Route.execute(Route.java:68)
at org.openqa.selenium.remote.http.Route$NestedRoute.handle(Route.java:270)
at org.openqa.selenium.remote.http.Route.execute(Route.java:68)
at org.openqa.selenium.remote.http.Route$CombinedRoute.handle(Route.java:336)
at org.openqa.selenium.remote.http.Route.execute(Route.java:68)
at org.openqa.selenium.remote.http.Route$CombinedRoute.handle(Route.java:336)
at org.openqa.selenium.remote.http.Route.execute(Route.java:68)
at org.openqa.selenium.remote.http.Route$CombinedRoute.handle(Route.java:336)
at org.openqa.selenium.remote.http.Route.execute(Route.java:68)
at org.openqa.selenium.remote.http.Route$CombinedRoute.handle(Route.java:336)
at org.openqa.selenium.remote.http.Route.execute(Route.java:68)
at org.openqa.selenium.remote.AddWebDriverSpecHeaders.lambda$apply$0(AddWebDriverSpecHeaders.java:35)
at org.openqa.selenium.remote.ErrorFilter.lambda$apply$0(ErrorFilter.java:44)
at org.openqa.selenium.remote.http.Filter$1.execute(Filter.java:64)
at org.openqa.selenium.remote.ErrorFilter.lambda$apply$0(ErrorFilter.java:44)
at org.openqa.selenium.remote.http.Filter$1.execute(Filter.java:64)
at org.openqa.selenium.netty.server.SeleniumHandler.lambda$channelRead0$0(SeleniumHandler.java:44)
at java.base/java.util.concurrent.Executors$RunnableAdapter.call(Executors.java:515)
at java.base/java.util.concurrent.FutureTask.run(FutureTask.java:264)
at java.base/java.util.concurrent.ThreadPoolExecutor.runWorker(ThreadPoolExecutor.java:1128)
at java.base/java.util.concurrent.ThreadPoolExecutor$Worker.run(ThreadPoolExecutor.java:628)
at java.base/java.lang.Thread.run(Thread.java:829)

at java.base/jdk.internal.reflect.NativeConstructorAccessorImpl.newInstance0(Native Method)
at java.base/jdk.internal.reflect.NativeConstructorAccessorImpl.newInstance(NativeConstructorAccessorImpl.java:77)
at java.base/jdk.internal.reflect.DelegatingConstructorAccessorImpl.newInstance(DelegatingConstructorAccessorImpl.java:45)
at java.base/java.lang.reflect.Constructor.newInstanceWithCaller(Constructor.java:499)
at java.base/java.lang.reflect.Constructor.newInstance(Constructor.java:480)
at org.openqa.selenium.remote.W3CHandshakeResponse.lambda$new$0(W3CHandshakeResponse.java:57)
at org.openqa.selenium.remote.W3CHandshakeResponse.lambda$getResponseFunction$2(W3CHandshakeResponse.java:104)
at org.openqa.selenium.remote.ProtocolHandshake.lambda$createSession$24(ProtocolHandshake.java:359)
at java.base/java.util.stream.ReferencePipeline$3$1.accept(ReferencePipeline.java:197)
at java.base/java.util.Spliterators$ArraySpliterator.tryAdvance(Spliterators.java:1002)
at java.base/java.util.stream.ReferencePipeline.forEachWithCancel(ReferencePipeline.java:129)
at java.base/java.util.stream.AbstractPipeline.copyIntoWithCancel(AbstractPipeline.java:527)
at java.base/java.util.stream.AbstractPipeline.copyInto(AbstractPipeline.java:513)
at java.base/java.util.stream.AbstractPipeline.wrapAndCopyInto(AbstractPipeline.java:499)
at java.base/java.util.stream.FindOps$FindOp.evaluateSequential(FindOps.java:150)
at java.base/java.util.stream.AbstractPipeline.evaluate(AbstractPipeline.java:234)
at java.base/java.util.stream.ReferencePipeline.findFirst(ReferencePipeline.java:647)
at org.openqa.selenium.remote.ProtocolHandshake.createSession(ProtocolHandshake.java:362)
at org.openqa.selenium.remote.ProtocolHandshake.createSession(ProtocolHandshake.java:136)
at org.openqa.selenium.remote.HttpCommandExecutor.execute(HttpCommandExecutor.java:142)
at org.openqa.selenium.remote.RemoteWebDriver.execute(RemoteWebDriver.java:646)
at org.openqa.selenium.remote.RemoteWebDriver.startSession(RemoteWebDriver.java:255)
at org.openqa.selenium.remote.RemoteWebDriver.startSession(RemoteWebDriver.java:237)
at org.openqa.selenium.remote.RemoteWebDriver.<init>(RemoteWebDriver.java:138)
at org.openqa.selenium.remote.RemoteWebDriver.<init>(RemoteWebDriver.java:175)
at com.plan.Utils.helper.setupRemoteDriver(helper.java:78)
at parallelTest.hooks.setUpBrowser(hooks.java:45)
]]>
    </error>
  </testcase> <!-- runScenario -->
  <testcase classname="parallelTest.crossBrowserRunner" name="runScenario" time="0.064">
    <error message="First match w3c capabilities is zero length
Build info: version: &#039;3.5.3&#039;, revision: &#039;a88d25fe6b&#039;, time: &#039;2017-08-29T12:42:44.417Z&#039;
System info: host: &#039;LAPTOP-MHS7RQK4&#039;, ip: &#039;192.168.99.1&#039;, os.name: &#039;Windows 10&#039;, os.arch: &#039;amd64&#039;, os.version: &#039;10.0&#039;, java.version: &#039;17.0.4.1&#039;
Driver info: driver.version: RemoteWebDriver
remote stacktrace: java.lang.IllegalArgumentException: First match w3c capabilities is zero length
	at org.openqa.selenium.remote.NewSessionPayload.validate(NewSessionPayload.java:143)
	at org.openqa.selenium.remote.NewSessionPayload.&lt;init&gt;(NewSessionPayload.java:91)
	at org.openqa.selenium.remote.NewSessionPayload.create(NewSessionPayload.java:128)
	at org.openqa.selenium.grid.data.SessionRequest.&lt;init&gt;(SessionRequest.java:65)
	at org.openqa.selenium.grid.sessionqueue.NewSessionQueue.lambda$new$0(NewSessionQueue.java:66)
	at org.openqa.selenium.remote.http.Route$TemplatizedRoute.handle(Route.java:192)
	at org.openqa.selenium.remote.http.Route.execute(Route.java:68)
	at org.openqa.selenium.remote.http.Route$CombinedRoute.handle(Route.java:336)
	at org.openqa.selenium.remote.http.Route.execute(Route.java:68)
	at org.openqa.selenium.grid.sessionqueue.NewSessionQueue.execute(NewSessionQueue.java:122)
	at org.openqa.selenium.remote.tracing.SpanWrappedHttpHandler.execute(SpanWrappedHttpHandler.java:86)
	at org.openqa.selenium.remote.http.Filter$1.execute(Filter.java:64)
	at org.openqa.selenium.remote.http.Route$CombinedRoute.handle(Route.java:336)
	at org.openqa.selenium.remote.http.Route.execute(Route.java:68)
	at org.openqa.selenium.grid.router.Router.execute(Router.java:91)
	at org.openqa.selenium.grid.web.EnsureSpecCompliantResponseHeaders.lambda$apply$0(EnsureSpecCompliantResponseHeaders.java:34)
	at org.openqa.selenium.remote.http.Filter$1.execute(Filter.java:64)
	at org.openqa.selenium.remote.http.Route$CombinedRoute.handle(Route.java:336)
	at org.openqa.selenium.remote.http.Route.execute(Route.java:68)
	at org.openqa.selenium.remote.http.Route$NestedRoute.handle(Route.java:270)
	at org.openqa.selenium.remote.http.Route.execute(Route.java:68)
	at org.openqa.selenium.remote.http.Route$CombinedRoute.handle(Route.java:336)
	at org.openqa.selenium.remote.http.Route.execute(Route.java:68)
	at org.openqa.selenium.remote.http.Route$CombinedRoute.handle(Route.java:336)
	at org.openqa.selenium.remote.http.Route.execute(Route.java:68)
	at org.openqa.selenium.remote.http.Route$CombinedRoute.handle(Route.java:336)
	at org.openqa.selenium.remote.http.Route.execute(Route.java:68)
	at org.openqa.selenium.remote.http.Route$CombinedRoute.handle(Route.java:336)
	at org.openqa.selenium.remote.http.Route.execute(Route.java:68)
	at org.openqa.selenium.remote.AddWebDriverSpecHeaders.lambda$apply$0(AddWebDriverSpecHeaders.java:35)
	at org.openqa.selenium.remote.ErrorFilter.lambda$apply$0(ErrorFilter.java:44)
	at org.openqa.selenium.remote.http.Filter$1.execute(Filter.java:64)
	at org.openqa.selenium.remote.ErrorFilter.lambda$apply$0(ErrorFilter.java:44)
	at org.openqa.selenium.remote.http.Filter$1.execute(Filter.java:64)
	at org.openqa.selenium.netty.server.SeleniumHandler.lambda$channelRead0$0(SeleniumHandler.java:44)
	at java.base/java.util.concurrent.Executors$RunnableAdapter.call(Executors.java:515)
	at java.base/java.util.concurrent.FutureTask.run(FutureTask.java:264)
	at java.base/java.util.concurrent.ThreadPoolExecutor.runWorker(ThreadPoolExecutor.java:1128)
	at java.base/java.util.concurrent.ThreadPoolExecutor$Worker.run(ThreadPoolExecutor.java:628)
	at java.base/java.lang.Thread.run(Thread.java:829)
" type="org.openqa.selenium.WebDriverException">
      <![CDATA[org.openqa.selenium.WebDriverException: First match w3c capabilities is zero length
Build info: version: '3.5.3', revision: 'a88d25fe6b', time: '2017-08-29T12:42:44.417Z'
System info: host: 'LAPTOP-MHS7RQK4', ip: '192.168.99.1', os.name: 'Windows 10', os.arch: 'amd64', os.version: '10.0', java.version: '17.0.4.1'
Driver info: driver.version: RemoteWebDriver
remote stacktrace: java.lang.IllegalArgumentException: First match w3c capabilities is zero length
at org.openqa.selenium.remote.NewSessionPayload.validate(NewSessionPayload.java:143)
at org.openqa.selenium.remote.NewSessionPayload.<init>(NewSessionPayload.java:91)
at org.openqa.selenium.remote.NewSessionPayload.create(NewSessionPayload.java:128)
at org.openqa.selenium.grid.data.SessionRequest.<init>(SessionRequest.java:65)
at org.openqa.selenium.grid.sessionqueue.NewSessionQueue.lambda$new$0(NewSessionQueue.java:66)
at org.openqa.selenium.remote.http.Route$TemplatizedRoute.handle(Route.java:192)
at org.openqa.selenium.remote.http.Route.execute(Route.java:68)
at org.openqa.selenium.remote.http.Route$CombinedRoute.handle(Route.java:336)
at org.openqa.selenium.remote.http.Route.execute(Route.java:68)
at org.openqa.selenium.grid.sessionqueue.NewSessionQueue.execute(NewSessionQueue.java:122)
at org.openqa.selenium.remote.tracing.SpanWrappedHttpHandler.execute(SpanWrappedHttpHandler.java:86)
at org.openqa.selenium.remote.http.Filter$1.execute(Filter.java:64)
at org.openqa.selenium.remote.http.Route$CombinedRoute.handle(Route.java:336)
at org.openqa.selenium.remote.http.Route.execute(Route.java:68)
at org.openqa.selenium.grid.router.Router.execute(Router.java:91)
at org.openqa.selenium.grid.web.EnsureSpecCompliantResponseHeaders.lambda$apply$0(EnsureSpecCompliantResponseHeaders.java:34)
at org.openqa.selenium.remote.http.Filter$1.execute(Filter.java:64)
at org.openqa.selenium.remote.http.Route$CombinedRoute.handle(Route.java:336)
at org.openqa.selenium.remote.http.Route.execute(Route.java:68)
at org.openqa.selenium.remote.http.Route$NestedRoute.handle(Route.java:270)
at org.openqa.selenium.remote.http.Route.execute(Route.java:68)
at org.openqa.selenium.remote.http.Route$CombinedRoute.handle(Route.java:336)
at org.openqa.selenium.remote.http.Route.execute(Route.java:68)
at org.openqa.selenium.remote.http.Route$CombinedRoute.handle(Route.java:336)
at org.openqa.selenium.remote.http.Route.execute(Route.java:68)
at org.openqa.selenium.remote.http.Route$CombinedRoute.handle(Route.java:336)
at org.openqa.selenium.remote.http.Route.execute(Route.java:68)
at org.openqa.selenium.remote.http.Route$CombinedRoute.handle(Route.java:336)
at org.openqa.selenium.remote.http.Route.execute(Route.java:68)
at org.openqa.selenium.remote.AddWebDriverSpecHeaders.lambda$apply$0(AddWebDriverSpecHeaders.java:35)
at org.openqa.selenium.remote.ErrorFilter.lambda$apply$0(ErrorFilter.java:44)
at org.openqa.selenium.remote.http.Filter$1.execute(Filter.java:64)
at org.openqa.selenium.remote.ErrorFilter.lambda$apply$0(ErrorFilter.java:44)
at org.openqa.selenium.remote.http.Filter$1.execute(Filter.java:64)
at org.openqa.selenium.netty.server.SeleniumHandler.lambda$channelRead0$0(SeleniumHandler.java:44)
at java.base/java.util.concurrent.Executors$RunnableAdapter.call(Executors.java:515)
at java.base/java.util.concurrent.FutureTask.run(FutureTask.java:264)
at java.base/java.util.concurrent.ThreadPoolExecutor.runWorker(ThreadPoolExecutor.java:1128)
at java.base/java.util.concurrent.ThreadPoolExecutor$Worker.run(ThreadPoolExecutor.java:628)
at java.base/java.lang.Thread.run(Thread.java:829)

at java.base/jdk.internal.reflect.NativeConstructorAccessorImpl.newInstance0(Native Method)
at java.base/jdk.internal.reflect.NativeConstructorAccessorImpl.newInstance(NativeConstructorAccessorImpl.java:77)
at java.base/jdk.internal.reflect.DelegatingConstructorAccessorImpl.newInstance(DelegatingConstructorAccessorImpl.java:45)
at java.base/java.lang.reflect.Constructor.newInstanceWithCaller(Constructor.java:499)
at java.base/java.lang.reflect.Constructor.newInstance(Constructor.java:480)
at org.openqa.selenium.remote.W3CHandshakeResponse.lambda$new$0(W3CHandshakeResponse.java:57)
at org.openqa.selenium.remote.W3CHandshakeResponse.lambda$getResponseFunction$2(W3CHandshakeResponse.java:104)
at org.openqa.selenium.remote.ProtocolHandshake.lambda$createSession$24(ProtocolHandshake.java:359)
at java.base/java.util.stream.ReferencePipeline$3$1.accept(ReferencePipeline.java:197)
at java.base/java.util.Spliterators$ArraySpliterator.tryAdvance(Spliterators.java:1002)
at java.base/java.util.stream.ReferencePipeline.forEachWithCancel(ReferencePipeline.java:129)
at java.base/java.util.stream.AbstractPipeline.copyIntoWithCancel(AbstractPipeline.java:527)
at java.base/java.util.stream.AbstractPipeline.copyInto(AbstractPipeline.java:513)
at java.base/java.util.stream.AbstractPipeline.wrapAndCopyInto(AbstractPipeline.java:499)
at java.base/java.util.stream.FindOps$FindOp.evaluateSequential(FindOps.java:150)
at java.base/java.util.stream.AbstractPipeline.evaluate(AbstractPipeline.java:234)
at java.base/java.util.stream.ReferencePipeline.findFirst(ReferencePipeline.java:647)
at org.openqa.selenium.remote.ProtocolHandshake.createSession(ProtocolHandshake.java:362)
at org.openqa.selenium.remote.ProtocolHandshake.createSession(ProtocolHandshake.java:136)
at org.openqa.selenium.remote.HttpCommandExecutor.execute(HttpCommandExecutor.java:142)
at org.openqa.selenium.remote.RemoteWebDriver.execute(RemoteWebDriver.java:646)
at org.openqa.selenium.remote.RemoteWebDriver.startSession(RemoteWebDriver.java:255)
at org.openqa.selenium.remote.RemoteWebDriver.startSession(RemoteWebDriver.java:237)
at org.openqa.selenium.remote.RemoteWebDriver.<init>(RemoteWebDriver.java:138)
at org.openqa.selenium.remote.RemoteWebDriver.<init>(RemoteWebDriver.java:175)
at com.plan.Utils.helper.setupRemoteDriver(helper.java:83)
at parallelTest.hooks.setUpBrowser(hooks.java:45)
]]>
    </error>
  </testcase> <!-- runScenario -->
  <testcase classname="parallelTest.crossBrowserRunner" name="runScenario" time="0.093">
    <error message="First match w3c capabilities is zero length
Build info: version: &#039;3.5.3&#039;, revision: &#039;a88d25fe6b&#039;, time: &#039;2017-08-29T12:42:44.417Z&#039;
System info: host: &#039;LAPTOP-MHS7RQK4&#039;, ip: &#039;192.168.99.1&#039;, os.name: &#039;Windows 10&#039;, os.arch: &#039;amd64&#039;, os.version: &#039;10.0&#039;, java.version: &#039;17.0.4.1&#039;
Driver info: driver.version: RemoteWebDriver
remote stacktrace: java.lang.IllegalArgumentException: First match w3c capabilities is zero length
	at org.openqa.selenium.remote.NewSessionPayload.validate(NewSessionPayload.java:143)
	at org.openqa.selenium.remote.NewSessionPayload.&lt;init&gt;(NewSessionPayload.java:91)
	at org.openqa.selenium.remote.NewSessionPayload.create(NewSessionPayload.java:128)
	at org.openqa.selenium.grid.data.SessionRequest.&lt;init&gt;(SessionRequest.java:65)
	at org.openqa.selenium.grid.sessionqueue.NewSessionQueue.lambda$new$0(NewSessionQueue.java:66)
	at org.openqa.selenium.remote.http.Route$TemplatizedRoute.handle(Route.java:192)
	at org.openqa.selenium.remote.http.Route.execute(Route.java:68)
	at org.openqa.selenium.remote.http.Route$CombinedRoute.handle(Route.java:336)
	at org.openqa.selenium.remote.http.Route.execute(Route.java:68)
	at org.openqa.selenium.grid.sessionqueue.NewSessionQueue.execute(NewSessionQueue.java:122)
	at org.openqa.selenium.remote.tracing.SpanWrappedHttpHandler.execute(SpanWrappedHttpHandler.java:86)
	at org.openqa.selenium.remote.http.Filter$1.execute(Filter.java:64)
	at org.openqa.selenium.remote.http.Route$CombinedRoute.handle(Route.java:336)
	at org.openqa.selenium.remote.http.Route.execute(Route.java:68)
	at org.openqa.selenium.grid.router.Router.execute(Router.java:91)
	at org.openqa.selenium.grid.web.EnsureSpecCompliantResponseHeaders.lambda$apply$0(EnsureSpecCompliantResponseHeaders.java:34)
	at org.openqa.selenium.remote.http.Filter$1.execute(Filter.java:64)
	at org.openqa.selenium.remote.http.Route$CombinedRoute.handle(Route.java:336)
	at org.openqa.selenium.remote.http.Route.execute(Route.java:68)
	at org.openqa.selenium.remote.http.Route$NestedRoute.handle(Route.java:270)
	at org.openqa.selenium.remote.http.Route.execute(Route.java:68)
	at org.openqa.selenium.remote.http.Route$CombinedRoute.handle(Route.java:336)
	at org.openqa.selenium.remote.http.Route.execute(Route.java:68)
	at org.openqa.selenium.remote.http.Route$CombinedRoute.handle(Route.java:336)
	at org.openqa.selenium.remote.http.Route.execute(Route.java:68)
	at org.openqa.selenium.remote.http.Route$CombinedRoute.handle(Route.java:336)
	at org.openqa.selenium.remote.http.Route.execute(Route.java:68)
	at org.openqa.selenium.remote.http.Route$CombinedRoute.handle(Route.java:336)
	at org.openqa.selenium.remote.http.Route.execute(Route.java:68)
	at org.openqa.selenium.remote.AddWebDriverSpecHeaders.lambda$apply$0(AddWebDriverSpecHeaders.java:35)
	at org.openqa.selenium.remote.ErrorFilter.lambda$apply$0(ErrorFilter.java:44)
	at org.openqa.selenium.remote.http.Filter$1.execute(Filter.java:64)
	at org.openqa.selenium.remote.ErrorFilter.lambda$apply$0(ErrorFilter.java:44)
	at org.openqa.selenium.remote.http.Filter$1.execute(Filter.java:64)
	at org.openqa.selenium.netty.server.SeleniumHandler.lambda$channelRead0$0(SeleniumHandler.java:44)
	at java.base/java.util.concurrent.Executors$RunnableAdapter.call(Executors.java:515)
	at java.base/java.util.concurrent.FutureTask.run(FutureTask.java:264)
	at java.base/java.util.concurrent.ThreadPoolExecutor.runWorker(ThreadPoolExecutor.java:1128)
	at java.base/java.util.concurrent.ThreadPoolExecutor$Worker.run(ThreadPoolExecutor.java:628)
	at java.base/java.lang.Thread.run(Thread.java:829)
" type="org.openqa.selenium.WebDriverException">
      <![CDATA[org.openqa.selenium.WebDriverException: First match w3c capabilities is zero length
Build info: version: '3.5.3', revision: 'a88d25fe6b', time: '2017-08-29T12:42:44.417Z'
System info: host: 'LAPTOP-MHS7RQK4', ip: '192.168.99.1', os.name: 'Windows 10', os.arch: 'amd64', os.version: '10.0', java.version: '17.0.4.1'
Driver info: driver.version: RemoteWebDriver
remote stacktrace: java.lang.IllegalArgumentException: First match w3c capabilities is zero length
at org.openqa.selenium.remote.NewSessionPayload.validate(NewSessionPayload.java:143)
at org.openqa.selenium.remote.NewSessionPayload.<init>(NewSessionPayload.java:91)
at org.openqa.selenium.remote.NewSessionPayload.create(NewSessionPayload.java:128)
at org.openqa.selenium.grid.data.SessionRequest.<init>(SessionRequest.java:65)
at org.openqa.selenium.grid.sessionqueue.NewSessionQueue.lambda$new$0(NewSessionQueue.java:66)
at org.openqa.selenium.remote.http.Route$TemplatizedRoute.handle(Route.java:192)
at org.openqa.selenium.remote.http.Route.execute(Route.java:68)
at org.openqa.selenium.remote.http.Route$CombinedRoute.handle(Route.java:336)
at org.openqa.selenium.remote.http.Route.execute(Route.java:68)
at org.openqa.selenium.grid.sessionqueue.NewSessionQueue.execute(NewSessionQueue.java:122)
at org.openqa.selenium.remote.tracing.SpanWrappedHttpHandler.execute(SpanWrappedHttpHandler.java:86)
at org.openqa.selenium.remote.http.Filter$1.execute(Filter.java:64)
at org.openqa.selenium.remote.http.Route$CombinedRoute.handle(Route.java:336)
at org.openqa.selenium.remote.http.Route.execute(Route.java:68)
at org.openqa.selenium.grid.router.Router.execute(Router.java:91)
at org.openqa.selenium.grid.web.EnsureSpecCompliantResponseHeaders.lambda$apply$0(EnsureSpecCompliantResponseHeaders.java:34)
at org.openqa.selenium.remote.http.Filter$1.execute(Filter.java:64)
at org.openqa.selenium.remote.http.Route$CombinedRoute.handle(Route.java:336)
at org.openqa.selenium.remote.http.Route.execute(Route.java:68)
at org.openqa.selenium.remote.http.Route$NestedRoute.handle(Route.java:270)
at org.openqa.selenium.remote.http.Route.execute(Route.java:68)
at org.openqa.selenium.remote.http.Route$CombinedRoute.handle(Route.java:336)
at org.openqa.selenium.remote.http.Route.execute(Route.java:68)
at org.openqa.selenium.remote.http.Route$CombinedRoute.handle(Route.java:336)
at org.openqa.selenium.remote.http.Route.execute(Route.java:68)
at org.openqa.selenium.remote.http.Route$CombinedRoute.handle(Route.java:336)
at org.openqa.selenium.remote.http.Route.execute(Route.java:68)
at org.openqa.selenium.remote.http.Route$CombinedRoute.handle(Route.java:336)
at org.openqa.selenium.remote.http.Route.execute(Route.java:68)
at org.openqa.selenium.remote.AddWebDriverSpecHeaders.lambda$apply$0(AddWebDriverSpecHeaders.java:35)
at org.openqa.selenium.remote.ErrorFilter.lambda$apply$0(ErrorFilter.java:44)
at org.openqa.selenium.remote.http.Filter$1.execute(Filter.java:64)
at org.openqa.selenium.remote.ErrorFilter.lambda$apply$0(ErrorFilter.java:44)
at org.openqa.selenium.remote.http.Filter$1.execute(Filter.java:64)
at org.openqa.selenium.netty.server.SeleniumHandler.lambda$channelRead0$0(SeleniumHandler.java:44)
at java.base/java.util.concurrent.Executors$RunnableAdapter.call(Executors.java:515)
at java.base/java.util.concurrent.FutureTask.run(FutureTask.java:264)
at java.base/java.util.concurrent.ThreadPoolExecutor.runWorker(ThreadPoolExecutor.java:1128)
at java.base/java.util.concurrent.ThreadPoolExecutor$Worker.run(ThreadPoolExecutor.java:628)
at java.base/java.lang.Thread.run(Thread.java:829)

at java.base/jdk.internal.reflect.NativeConstructorAccessorImpl.newInstance0(Native Method)
at java.base/jdk.internal.reflect.NativeConstructorAccessorImpl.newInstance(NativeConstructorAccessorImpl.java:77)
at java.base/jdk.internal.reflect.DelegatingConstructorAccessorImpl.newInstance(DelegatingConstructorAccessorImpl.java:45)
at java.base/java.lang.reflect.Constructor.newInstanceWithCaller(Constructor.java:499)
at java.base/java.lang.reflect.Constructor.newInstance(Constructor.java:480)
at org.openqa.selenium.remote.W3CHandshakeResponse.lambda$new$0(W3CHandshakeResponse.java:57)
at org.openqa.selenium.remote.W3CHandshakeResponse.lambda$getResponseFunction$2(W3CHandshakeResponse.java:104)
at org.openqa.selenium.remote.ProtocolHandshake.lambda$createSession$24(ProtocolHandshake.java:359)
at java.base/java.util.stream.ReferencePipeline$3$1.accept(ReferencePipeline.java:197)
at java.base/java.util.Spliterators$ArraySpliterator.tryAdvance(Spliterators.java:1002)
at java.base/java.util.stream.ReferencePipeline.forEachWithCancel(ReferencePipeline.java:129)
at java.base/java.util.stream.AbstractPipeline.copyIntoWithCancel(AbstractPipeline.java:527)
at java.base/java.util.stream.AbstractPipeline.copyInto(AbstractPipeline.java:513)
at java.base/java.util.stream.AbstractPipeline.wrapAndCopyInto(AbstractPipeline.java:499)
at java.base/java.util.stream.FindOps$FindOp.evaluateSequential(FindOps.java:150)
at java.base/java.util.stream.AbstractPipeline.evaluate(AbstractPipeline.java:234)
at java.base/java.util.stream.ReferencePipeline.findFirst(ReferencePipeline.java:647)
at org.openqa.selenium.remote.ProtocolHandshake.createSession(ProtocolHandshake.java:362)
at org.openqa.selenium.remote.ProtocolHandshake.createSession(ProtocolHandshake.java:136)
at org.openqa.selenium.remote.HttpCommandExecutor.execute(HttpCommandExecutor.java:142)
at org.openqa.selenium.remote.RemoteWebDriver.execute(RemoteWebDriver.java:646)
at org.openqa.selenium.remote.RemoteWebDriver.startSession(RemoteWebDriver.java:255)
at org.openqa.selenium.remote.RemoteWebDriver.startSession(RemoteWebDriver.java:237)
at org.openqa.selenium.remote.RemoteWebDriver.<init>(RemoteWebDriver.java:138)
at org.openqa.selenium.remote.RemoteWebDriver.<init>(RemoteWebDriver.java:175)
at com.plan.Utils.helper.setupRemoteDriver(helper.java:83)
at parallelTest.hooks.setUpBrowser(hooks.java:45)
]]>
    </error>
  </testcase> <!-- runScenario -->
  <testcase classname="parallelTest.crossBrowserRunner" name="runScenario" time="1.535">
    <error message="First match w3c capabilities is zero length
Build info: version: &#039;3.5.3&#039;, revision: &#039;a88d25fe6b&#039;, time: &#039;2017-08-29T12:42:44.417Z&#039;
System info: host: &#039;LAPTOP-MHS7RQK4&#039;, ip: &#039;192.168.99.1&#039;, os.name: &#039;Windows 10&#039;, os.arch: &#039;amd64&#039;, os.version: &#039;10.0&#039;, java.version: &#039;17.0.4.1&#039;
Driver info: driver.version: RemoteWebDriver
remote stacktrace: java.lang.IllegalArgumentException: First match w3c capabilities is zero length
	at org.openqa.selenium.remote.NewSessionPayload.validate(NewSessionPayload.java:143)
	at org.openqa.selenium.remote.NewSessionPayload.&lt;init&gt;(NewSessionPayload.java:91)
	at org.openqa.selenium.remote.NewSessionPayload.create(NewSessionPayload.java:128)
	at org.openqa.selenium.grid.data.SessionRequest.&lt;init&gt;(SessionRequest.java:65)
	at org.openqa.selenium.grid.sessionqueue.NewSessionQueue.lambda$new$0(NewSessionQueue.java:66)
	at org.openqa.selenium.remote.http.Route$TemplatizedRoute.handle(Route.java:192)
	at org.openqa.selenium.remote.http.Route.execute(Route.java:68)
	at org.openqa.selenium.remote.http.Route$CombinedRoute.handle(Route.java:336)
	at org.openqa.selenium.remote.http.Route.execute(Route.java:68)
	at org.openqa.selenium.grid.sessionqueue.NewSessionQueue.execute(NewSessionQueue.java:122)
	at org.openqa.selenium.remote.tracing.SpanWrappedHttpHandler.execute(SpanWrappedHttpHandler.java:86)
	at org.openqa.selenium.remote.http.Filter$1.execute(Filter.java:64)
	at org.openqa.selenium.remote.http.Route$CombinedRoute.handle(Route.java:336)
	at org.openqa.selenium.remote.http.Route.execute(Route.java:68)
	at org.openqa.selenium.grid.router.Router.execute(Router.java:91)
	at org.openqa.selenium.grid.web.EnsureSpecCompliantResponseHeaders.lambda$apply$0(EnsureSpecCompliantResponseHeaders.java:34)
	at org.openqa.selenium.remote.http.Filter$1.execute(Filter.java:64)
	at org.openqa.selenium.remote.http.Route$CombinedRoute.handle(Route.java:336)
	at org.openqa.selenium.remote.http.Route.execute(Route.java:68)
	at org.openqa.selenium.remote.http.Route$NestedRoute.handle(Route.java:270)
	at org.openqa.selenium.remote.http.Route.execute(Route.java:68)
	at org.openqa.selenium.remote.http.Route$CombinedRoute.handle(Route.java:336)
	at org.openqa.selenium.remote.http.Route.execute(Route.java:68)
	at org.openqa.selenium.remote.http.Route$CombinedRoute.handle(Route.java:336)
	at org.openqa.selenium.remote.http.Route.execute(Route.java:68)
	at org.openqa.selenium.remote.http.Route$CombinedRoute.handle(Route.java:336)
	at org.openqa.selenium.remote.http.Route.execute(Route.java:68)
	at org.openqa.selenium.remote.http.Route$CombinedRoute.handle(Route.java:336)
	at org.openqa.selenium.remote.http.Route.execute(Route.java:68)
	at org.openqa.selenium.remote.AddWebDriverSpecHeaders.lambda$apply$0(AddWebDriverSpecHeaders.java:35)
	at org.openqa.selenium.remote.ErrorFilter.lambda$apply$0(ErrorFilter.java:44)
	at org.openqa.selenium.remote.http.Filter$1.execute(Filter.java:64)
	at org.openqa.selenium.remote.ErrorFilter.lambda$apply$0(ErrorFilter.java:44)
	at org.openqa.selenium.remote.http.Filter$1.execute(Filter.java:64)
	at org.openqa.selenium.netty.server.SeleniumHandler.lambda$channelRead0$0(SeleniumHandler.java:44)
	at java.base/java.util.concurrent.Executors$RunnableAdapter.call(Executors.java:515)
	at java.base/java.util.concurrent.FutureTask.run(FutureTask.java:264)
	at java.base/java.util.concurrent.ThreadPoolExecutor.runWorker(ThreadPoolExecutor.java:1128)
	at java.base/java.util.concurrent.ThreadPoolExecutor$Worker.run(ThreadPoolExecutor.java:628)
	at java.base/java.lang.Thread.run(Thread.java:829)
" type="org.openqa.selenium.WebDriverException">
      <![CDATA[org.openqa.selenium.WebDriverException: First match w3c capabilities is zero length
Build info: version: '3.5.3', revision: 'a88d25fe6b', time: '2017-08-29T12:42:44.417Z'
System info: host: 'LAPTOP-MHS7RQK4', ip: '192.168.99.1', os.name: 'Windows 10', os.arch: 'amd64', os.version: '10.0', java.version: '17.0.4.1'
Driver info: driver.version: RemoteWebDriver
remote stacktrace: java.lang.IllegalArgumentException: First match w3c capabilities is zero length
at org.openqa.selenium.remote.NewSessionPayload.validate(NewSessionPayload.java:143)
at org.openqa.selenium.remote.NewSessionPayload.<init>(NewSessionPayload.java:91)
at org.openqa.selenium.remote.NewSessionPayload.create(NewSessionPayload.java:128)
at org.openqa.selenium.grid.data.SessionRequest.<init>(SessionRequest.java:65)
at org.openqa.selenium.grid.sessionqueue.NewSessionQueue.lambda$new$0(NewSessionQueue.java:66)
at org.openqa.selenium.remote.http.Route$TemplatizedRoute.handle(Route.java:192)
at org.openqa.selenium.remote.http.Route.execute(Route.java:68)
at org.openqa.selenium.remote.http.Route$CombinedRoute.handle(Route.java:336)
at org.openqa.selenium.remote.http.Route.execute(Route.java:68)
at org.openqa.selenium.grid.sessionqueue.NewSessionQueue.execute(NewSessionQueue.java:122)
at org.openqa.selenium.remote.tracing.SpanWrappedHttpHandler.execute(SpanWrappedHttpHandler.java:86)
at org.openqa.selenium.remote.http.Filter$1.execute(Filter.java:64)
at org.openqa.selenium.remote.http.Route$CombinedRoute.handle(Route.java:336)
at org.openqa.selenium.remote.http.Route.execute(Route.java:68)
at org.openqa.selenium.grid.router.Router.execute(Router.java:91)
at org.openqa.selenium.grid.web.EnsureSpecCompliantResponseHeaders.lambda$apply$0(EnsureSpecCompliantResponseHeaders.java:34)
at org.openqa.selenium.remote.http.Filter$1.execute(Filter.java:64)
at org.openqa.selenium.remote.http.Route$CombinedRoute.handle(Route.java:336)
at org.openqa.selenium.remote.http.Route.execute(Route.java:68)
at org.openqa.selenium.remote.http.Route$NestedRoute.handle(Route.java:270)
at org.openqa.selenium.remote.http.Route.execute(Route.java:68)
at org.openqa.selenium.remote.http.Route$CombinedRoute.handle(Route.java:336)
at org.openqa.selenium.remote.http.Route.execute(Route.java:68)
at org.openqa.selenium.remote.http.Route$CombinedRoute.handle(Route.java:336)
at org.openqa.selenium.remote.http.Route.execute(Route.java:68)
at org.openqa.selenium.remote.http.Route$CombinedRoute.handle(Route.java:336)
at org.openqa.selenium.remote.http.Route.execute(Route.java:68)
at org.openqa.selenium.remote.http.Route$CombinedRoute.handle(Route.java:336)
at org.openqa.selenium.remote.http.Route.execute(Route.java:68)
at org.openqa.selenium.remote.AddWebDriverSpecHeaders.lambda$apply$0(AddWebDriverSpecHeaders.java:35)
at org.openqa.selenium.remote.ErrorFilter.lambda$apply$0(ErrorFilter.java:44)
at org.openqa.selenium.remote.http.Filter$1.execute(Filter.java:64)
at org.openqa.selenium.remote.ErrorFilter.lambda$apply$0(ErrorFilter.java:44)
at org.openqa.selenium.remote.http.Filter$1.execute(Filter.java:64)
at org.openqa.selenium.netty.server.SeleniumHandler.lambda$channelRead0$0(SeleniumHandler.java:44)
at java.base/java.util.concurrent.Executors$RunnableAdapter.call(Executors.java:515)
at java.base/java.util.concurrent.FutureTask.run(FutureTask.java:264)
at java.base/java.util.concurrent.ThreadPoolExecutor.runWorker(ThreadPoolExecutor.java:1128)
at java.base/java.util.concurrent.ThreadPoolExecutor$Worker.run(ThreadPoolExecutor.java:628)
at java.base/java.lang.Thread.run(Thread.java:829)

at java.base/jdk.internal.reflect.NativeConstructorAccessorImpl.newInstance0(Native Method)
at java.base/jdk.internal.reflect.NativeConstructorAccessorImpl.newInstance(NativeConstructorAccessorImpl.java:77)
at java.base/jdk.internal.reflect.DelegatingConstructorAccessorImpl.newInstance(DelegatingConstructorAccessorImpl.java:45)
at java.base/java.lang.reflect.Constructor.newInstanceWithCaller(Constructor.java:499)
at java.base/java.lang.reflect.Constructor.newInstance(Constructor.java:480)
at org.openqa.selenium.remote.W3CHandshakeResponse.lambda$new$0(W3CHandshakeResponse.java:57)
at org.openqa.selenium.remote.W3CHandshakeResponse.lambda$getResponseFunction$2(W3CHandshakeResponse.java:104)
at org.openqa.selenium.remote.ProtocolHandshake.lambda$createSession$24(ProtocolHandshake.java:359)
at java.base/java.util.stream.ReferencePipeline$3$1.accept(ReferencePipeline.java:197)
at java.base/java.util.Spliterators$ArraySpliterator.tryAdvance(Spliterators.java:1002)
at java.base/java.util.stream.ReferencePipeline.forEachWithCancel(ReferencePipeline.java:129)
at java.base/java.util.stream.AbstractPipeline.copyIntoWithCancel(AbstractPipeline.java:527)
at java.base/java.util.stream.AbstractPipeline.copyInto(AbstractPipeline.java:513)
at java.base/java.util.stream.AbstractPipeline.wrapAndCopyInto(AbstractPipeline.java:499)
at java.base/java.util.stream.FindOps$FindOp.evaluateSequential(FindOps.java:150)
at java.base/java.util.stream.AbstractPipeline.evaluate(AbstractPipeline.java:234)
at java.base/java.util.stream.ReferencePipeline.findFirst(ReferencePipeline.java:647)
at org.openqa.selenium.remote.ProtocolHandshake.createSession(ProtocolHandshake.java:362)
at org.openqa.selenium.remote.ProtocolHandshake.createSession(ProtocolHandshake.java:136)
at org.openqa.selenium.remote.HttpCommandExecutor.execute(HttpCommandExecutor.java:142)
at org.openqa.selenium.remote.RemoteWebDriver.execute(RemoteWebDriver.java:646)
at org.openqa.selenium.remote.RemoteWebDriver.startSession(RemoteWebDriver.java:255)
at org.openqa.selenium.remote.RemoteWebDriver.startSession(RemoteWebDriver.java:237)
at org.openqa.selenium.remote.RemoteWebDriver.<init>(RemoteWebDriver.java:138)
at org.openqa.selenium.remote.RemoteWebDriver.<init>(RemoteWebDriver.java:175)
at com.plan.Utils.helper.setupRemoteDriver(helper.java:78)
at parallelTest.hooks.setUpBrowser(hooks.java:45)
]]>
    </error>
  </testcase> <!-- runScenario -->
  <testcase classname="parallelTest.crossBrowserRunner" name="runScenario" time="0.073">
    <error message="First match w3c capabilities is zero length
Build info: version: &#039;3.5.3&#039;, revision: &#039;a88d25fe6b&#039;, time: &#039;2017-08-29T12:42:44.417Z&#039;
System info: host: &#039;LAPTOP-MHS7RQK4&#039;, ip: &#039;192.168.99.1&#039;, os.name: &#039;Windows 10&#039;, os.arch: &#039;amd64&#039;, os.version: &#039;10.0&#039;, java.version: &#039;17.0.4.1&#039;
Driver info: driver.version: RemoteWebDriver
remote stacktrace: java.lang.IllegalArgumentException: First match w3c capabilities is zero length
	at org.openqa.selenium.remote.NewSessionPayload.validate(NewSessionPayload.java:143)
	at org.openqa.selenium.remote.NewSessionPayload.&lt;init&gt;(NewSessionPayload.java:91)
	at org.openqa.selenium.remote.NewSessionPayload.create(NewSessionPayload.java:128)
	at org.openqa.selenium.grid.data.SessionRequest.&lt;init&gt;(SessionRequest.java:65)
	at org.openqa.selenium.grid.sessionqueue.NewSessionQueue.lambda$new$0(NewSessionQueue.java:66)
	at org.openqa.selenium.remote.http.Route$TemplatizedRoute.handle(Route.java:192)
	at org.openqa.selenium.remote.http.Route.execute(Route.java:68)
	at org.openqa.selenium.remote.http.Route$CombinedRoute.handle(Route.java:336)
	at org.openqa.selenium.remote.http.Route.execute(Route.java:68)
	at org.openqa.selenium.grid.sessionqueue.NewSessionQueue.execute(NewSessionQueue.java:122)
	at org.openqa.selenium.remote.tracing.SpanWrappedHttpHandler.execute(SpanWrappedHttpHandler.java:86)
	at org.openqa.selenium.remote.http.Filter$1.execute(Filter.java:64)
	at org.openqa.selenium.remote.http.Route$CombinedRoute.handle(Route.java:336)
	at org.openqa.selenium.remote.http.Route.execute(Route.java:68)
	at org.openqa.selenium.grid.router.Router.execute(Router.java:91)
	at org.openqa.selenium.grid.web.EnsureSpecCompliantResponseHeaders.lambda$apply$0(EnsureSpecCompliantResponseHeaders.java:34)
	at org.openqa.selenium.remote.http.Filter$1.execute(Filter.java:64)
	at org.openqa.selenium.remote.http.Route$CombinedRoute.handle(Route.java:336)
	at org.openqa.selenium.remote.http.Route.execute(Route.java:68)
	at org.openqa.selenium.remote.http.Route$NestedRoute.handle(Route.java:270)
	at org.openqa.selenium.remote.http.Route.execute(Route.java:68)
	at org.openqa.selenium.remote.http.Route$CombinedRoute.handle(Route.java:336)
	at org.openqa.selenium.remote.http.Route.execute(Route.java:68)
	at org.openqa.selenium.remote.http.Route$CombinedRoute.handle(Route.java:336)
	at org.openqa.selenium.remote.http.Route.execute(Route.java:68)
	at org.openqa.selenium.remote.http.Route$CombinedRoute.handle(Route.java:336)
	at org.openqa.selenium.remote.http.Route.execute(Route.java:68)
	at org.openqa.selenium.remote.http.Route$CombinedRoute.handle(Route.java:336)
	at org.openqa.selenium.remote.http.Route.execute(Route.java:68)
	at org.openqa.selenium.remote.AddWebDriverSpecHeaders.lambda$apply$0(AddWebDriverSpecHeaders.java:35)
	at org.openqa.selenium.remote.ErrorFilter.lambda$apply$0(ErrorFilter.java:44)
	at org.openqa.selenium.remote.http.Filter$1.execute(Filter.java:64)
	at org.openqa.selenium.remote.ErrorFilter.lambda$apply$0(ErrorFilter.java:44)
	at org.openqa.selenium.remote.http.Filter$1.execute(Filter.java:64)
	at org.openqa.selenium.netty.server.SeleniumHandler.lambda$channelRead0$0(SeleniumHandler.java:44)
	at java.base/java.util.concurrent.Executors$RunnableAdapter.call(Executors.java:515)
	at java.base/java.util.concurrent.FutureTask.run(FutureTask.java:264)
	at java.base/java.util.concurrent.ThreadPoolExecutor.runWorker(ThreadPoolExecutor.java:1128)
	at java.base/java.util.concurrent.ThreadPoolExecutor$Worker.run(ThreadPoolExecutor.java:628)
	at java.base/java.lang.Thread.run(Thread.java:829)
" type="org.openqa.selenium.WebDriverException">
      <![CDATA[org.openqa.selenium.WebDriverException: First match w3c capabilities is zero length
Build info: version: '3.5.3', revision: 'a88d25fe6b', time: '2017-08-29T12:42:44.417Z'
System info: host: 'LAPTOP-MHS7RQK4', ip: '192.168.99.1', os.name: 'Windows 10', os.arch: 'amd64', os.version: '10.0', java.version: '17.0.4.1'
Driver info: driver.version: RemoteWebDriver
remote stacktrace: java.lang.IllegalArgumentException: First match w3c capabilities is zero length
at org.openqa.selenium.remote.NewSessionPayload.validate(NewSessionPayload.java:143)
at org.openqa.selenium.remote.NewSessionPayload.<init>(NewSessionPayload.java:91)
at org.openqa.selenium.remote.NewSessionPayload.create(NewSessionPayload.java:128)
at org.openqa.selenium.grid.data.SessionRequest.<init>(SessionRequest.java:65)
at org.openqa.selenium.grid.sessionqueue.NewSessionQueue.lambda$new$0(NewSessionQueue.java:66)
at org.openqa.selenium.remote.http.Route$TemplatizedRoute.handle(Route.java:192)
at org.openqa.selenium.remote.http.Route.execute(Route.java:68)
at org.openqa.selenium.remote.http.Route$CombinedRoute.handle(Route.java:336)
at org.openqa.selenium.remote.http.Route.execute(Route.java:68)
at org.openqa.selenium.grid.sessionqueue.NewSessionQueue.execute(NewSessionQueue.java:122)
at org.openqa.selenium.remote.tracing.SpanWrappedHttpHandler.execute(SpanWrappedHttpHandler.java:86)
at org.openqa.selenium.remote.http.Filter$1.execute(Filter.java:64)
at org.openqa.selenium.remote.http.Route$CombinedRoute.handle(Route.java:336)
at org.openqa.selenium.remote.http.Route.execute(Route.java:68)
at org.openqa.selenium.grid.router.Router.execute(Router.java:91)
at org.openqa.selenium.grid.web.EnsureSpecCompliantResponseHeaders.lambda$apply$0(EnsureSpecCompliantResponseHeaders.java:34)
at org.openqa.selenium.remote.http.Filter$1.execute(Filter.java:64)
at org.openqa.selenium.remote.http.Route$CombinedRoute.handle(Route.java:336)
at org.openqa.selenium.remote.http.Route.execute(Route.java:68)
at org.openqa.selenium.remote.http.Route$NestedRoute.handle(Route.java:270)
at org.openqa.selenium.remote.http.Route.execute(Route.java:68)
at org.openqa.selenium.remote.http.Route$CombinedRoute.handle(Route.java:336)
at org.openqa.selenium.remote.http.Route.execute(Route.java:68)
at org.openqa.selenium.remote.http.Route$CombinedRoute.handle(Route.java:336)
at org.openqa.selenium.remote.http.Route.execute(Route.java:68)
at org.openqa.selenium.remote.http.Route$CombinedRoute.handle(Route.java:336)
at org.openqa.selenium.remote.http.Route.execute(Route.java:68)
at org.openqa.selenium.remote.http.Route$CombinedRoute.handle(Route.java:336)
at org.openqa.selenium.remote.http.Route.execute(Route.java:68)
at org.openqa.selenium.remote.AddWebDriverSpecHeaders.lambda$apply$0(AddWebDriverSpecHeaders.java:35)
at org.openqa.selenium.remote.ErrorFilter.lambda$apply$0(ErrorFilter.java:44)
at org.openqa.selenium.remote.http.Filter$1.execute(Filter.java:64)
at org.openqa.selenium.remote.ErrorFilter.lambda$apply$0(ErrorFilter.java:44)
at org.openqa.selenium.remote.http.Filter$1.execute(Filter.java:64)
at org.openqa.selenium.netty.server.SeleniumHandler.lambda$channelRead0$0(SeleniumHandler.java:44)
at java.base/java.util.concurrent.Executors$RunnableAdapter.call(Executors.java:515)
at java.base/java.util.concurrent.FutureTask.run(FutureTask.java:264)
at java.base/java.util.concurrent.ThreadPoolExecutor.runWorker(ThreadPoolExecutor.java:1128)
at java.base/java.util.concurrent.ThreadPoolExecutor$Worker.run(ThreadPoolExecutor.java:628)
at java.base/java.lang.Thread.run(Thread.java:829)

at java.base/jdk.internal.reflect.NativeConstructorAccessorImpl.newInstance0(Native Method)
at java.base/jdk.internal.reflect.NativeConstructorAccessorImpl.newInstance(NativeConstructorAccessorImpl.java:77)
at java.base/jdk.internal.reflect.DelegatingConstructorAccessorImpl.newInstance(DelegatingConstructorAccessorImpl.java:45)
at java.base/java.lang.reflect.Constructor.newInstanceWithCaller(Constructor.java:499)
at java.base/java.lang.reflect.Constructor.newInstance(Constructor.java:480)
at org.openqa.selenium.remote.W3CHandshakeResponse.lambda$new$0(W3CHandshakeResponse.java:57)
at org.openqa.selenium.remote.W3CHandshakeResponse.lambda$getResponseFunction$2(W3CHandshakeResponse.java:104)
at org.openqa.selenium.remote.ProtocolHandshake.lambda$createSession$24(ProtocolHandshake.java:359)
at java.base/java.util.stream.ReferencePipeline$3$1.accept(ReferencePipeline.java:197)
at java.base/java.util.Spliterators$ArraySpliterator.tryAdvance(Spliterators.java:1002)
at java.base/java.util.stream.ReferencePipeline.forEachWithCancel(ReferencePipeline.java:129)
at java.base/java.util.stream.AbstractPipeline.copyIntoWithCancel(AbstractPipeline.java:527)
at java.base/java.util.stream.AbstractPipeline.copyInto(AbstractPipeline.java:513)
at java.base/java.util.stream.AbstractPipeline.wrapAndCopyInto(AbstractPipeline.java:499)
at java.base/java.util.stream.FindOps$FindOp.evaluateSequential(FindOps.java:150)
at java.base/java.util.stream.AbstractPipeline.evaluate(AbstractPipeline.java:234)
at java.base/java.util.stream.ReferencePipeline.findFirst(ReferencePipeline.java:647)
at org.openqa.selenium.remote.ProtocolHandshake.createSession(ProtocolHandshake.java:362)
at org.openqa.selenium.remote.ProtocolHandshake.createSession(ProtocolHandshake.java:136)
at org.openqa.selenium.remote.HttpCommandExecutor.execute(HttpCommandExecutor.java:142)
at org.openqa.selenium.remote.RemoteWebDriver.execute(RemoteWebDriver.java:646)
at org.openqa.selenium.remote.RemoteWebDriver.startSession(RemoteWebDriver.java:255)
at org.openqa.selenium.remote.RemoteWebDriver.startSession(RemoteWebDriver.java:237)
at org.openqa.selenium.remote.RemoteWebDriver.<init>(RemoteWebDriver.java:138)
at org.openqa.selenium.remote.RemoteWebDriver.<init>(RemoteWebDriver.java:175)
at com.plan.Utils.helper.setupRemoteDriver(helper.java:74)
at parallelTest.hooks.setUpBrowser(hooks.java:45)
]]>
    </error>
  </testcase> <!-- runScenario -->
</testsuite> <!-- parallelTest.crossBrowserRunner -->
