<?xml version="1.0" encoding="UTF-8"?>
<!-- Generated by org.testng.reporters.JUnitReportReporter -->
<testsuite hostname="LAPTOP-MHS7RQK4" failures="0" tests="1" name="parallelTest.cucumberRunner" time="13.428" errors="0" timestamp="15 Feb 2023 13:52:43 GMT" skipped="0">
  <testcase classname="parallelTest.cucumberRunner" name="runScenario" time="13.428"/>
</testsuite> <!-- parallelTest.cucumberRunner -->
