<?xml version="1.0" encoding="UTF-8"?>
<!-- Generated by org.testng.reporters.JUnitReportReporter -->
<testsuite hostname="LAPTOP-MHS7RQK4" failures="0" tests="2" name="parallelTest.cucumberRunner" time="19.098" errors="0" timestamp="28 Nov 2022 14:24:25 GMT" skipped="0">
  <testcase classname="parallelTest.cucumberRunner" name="runScenario" time="7.404"/>
  <testcase classname="parallelTest.cucumberRunner" name="runScenario" time="11.694"/>
</testsuite> <!-- parallelTest.cucumberRunner -->
